Part sizes:
12000 .merchant-parts/part-00
12000 .merchant-parts/part-01
12000 .merchant-parts/part-02
12000 .merchant-parts/part-03
12000 .merchant-parts/part-04
12000 .merchant-parts/part-05
11896 .merchant-parts/part-06
83896 total
Archive digest:
27a473ae0bdad90f7de677ab66be46436612a5141ec4004879103f470ba476e7  /tmp/merchant-changes.tgz
/tmp/merchant-changes.tgz: OK
RELEASE_NOTES.md
package.json
package-lock.json
public/free-roam.html
public/src/free-roam-activities.js
public/src/free-roam-audio-v5.js
public/src/free-roam-cargo-actions.js
public/src/free-roam-client-prediction.js
public/src/free-roam-core-v6.js
public/src/free-roam-pistol-audio.js
public/src/free-roam-quality-v1.js
public/src/free-roam-replication.js
public/src/free-roam-scenario.js
public/src/free-roam-shop.js
public/src/free-roam-target-menu.js
public/src/free-roam-v4.js
src/free-roam-server.js
tests/free-roam-release-regressions.test.mjs
tests/free-roam-shop.test.mjs
tests/free-roam.e2e.spec.mjs

added 37 packages, and audited 38 packages in 5s

9 packages are looking for funding
  run `npm fund` for details

3 high severity vulnerabilities

To address all issues, run:
  npm audit fix

Run `npm audit` for details.

> echo-archipelago@1.2.0 test
> node --test tests/*.test.mjs

TAP version 13
# Subtest: solo assistant pumps a dangerous leak
ok 1 - solo assistant pumps a dangerous leak
  ---
  duration_ms: 5.351888
  type: 'test'
  ...
# Subtest: coop enforces captain and crew responsibilities
ok 2 - coop enforces captain and crew responsibilities
  ---
  duration_ms: 0.88101
  type: 'test'
  ...
# Subtest: sonar has cooldown and gives directional target
ok 3 - sonar has cooldown and gives directional target
  ---
  duration_ms: 1.830998
  type: 'test'
  ...
# Subtest: high load eventually stalls the engine
ok 4 - high load eventually stalls the engine
  ---
  duration_ms: 28.444119
  type: 'test'
  ...
# Subtest: collision creates damage and flooding but has contact cooldown
ok 5 - collision creates damage and flooding but has contact cooldown
  ---
  duration_ms: 0.756807
  type: 'test'
  ...
# Subtest: rescue requires slow sustained action
ok 6 - rescue requires slow sustained action
  ---
  duration_ms: 4.629567
  type: 'test'
  ...
# Subtest: complete mission can be won with both survivors and safe docking
ok 7 - complete mission can be won with both survivors and safe docking
  ---
  duration_ms: 0.638765
  type: 'test'
  ...
# Subtest: danger thresholds emit one-shot warning sounds without frame spam
ok 8 - danger thresholds emit one-shot warning sounds without frame spam
  ---
  duration_ms: 0.314709
  type: 'test'
  ...
# Subtest: invalid role command returns audible denial
ok 9 - invalid role command returns audible denial
  ---
  duration_ms: 0.578272
  type: 'test'
  ...
# Subtest: remote footsteps pan relative to listener heading
ok 10 - remote footsteps pan relative to listener heading
  ---
  duration_ms: 1.729968
  type: 'test'
  ...
# Subtest: turning the listener rotates the audible side
ok 11 - turning the listener rotates the audible side
  ---
  duration_ms: 0.244007
  type: 'test'
  ...
# Subtest: a tiny turn cannot throw a sound behind the listener from far left to far right
ok 12 - a tiny turn cannot throw a sound behind the listener from far left to far right
  ---
  duration_ms: 0.194865
  type: 'test'
  ...
# Subtest: walking sideways does not reinterpret the same fixed target as the opposite side
ok 13 - walking sideways does not reinterpret the same fixed target as the opposite side
  ---
  duration_ms: 0.163255
  type: 'test'
  ...
# Subtest: free-roam mechanics map onto familiar operation sound events
ok 14 - free-roam mechanics map onto familiar operation sound events
  ---
  duration_ms: 1.62371
  type: 'test'
  ...
# Subtest: ramming uses the established collision sound path
ok 15 - ramming uses the established collision sound path
  ---
  duration_ms: 0.686385
  type: 'test'
  ...
# Subtest: shore impacts keep the operation shoreline branch
ok 16 - shore impacts keep the operation shoreline branch
  ---
  duration_ms: 0.175138
  type: 'test'
  ...
# Subtest: a boat is guided to the landing instead of through the shore for a land crate
ok 17 - a boat is guided to the landing instead of through the shore for a land crate
  ---
  duration_ms: 2.653928
  type: 'test'
  ...
# Subtest: after disembarking the same locked land crate becomes the direct target
ok 18 - after disembarking the same locked land crate becomes the direct target
  ---
  duration_ms: 0.347991
  type: 'test'
  ...
# Subtest: choosing a land-crate landing replaces the previous delivered crate lock
ok 19 - choosing a land-crate landing replaces the previous delivered crate lock
  ---
  duration_ms: 8.512015
  type: 'test'
  ...
# Subtest: entering a cargo action zone announces one clear double-signal prompt
ok 20 - entering a cargo action zone announces one clear double-signal prompt
  ---
  duration_ms: 4.13998
  type: 'test'
  ...
# Subtest: a joining player appears beside a shore player instead of far away
ok 21 - a joining player appears beside a shore player instead of far away
  ---
  duration_ms: 0.544339
  type: 'test'
  ...
# Subtest: a leaking boat moored at the landing does not fill while its player fetches a land crate
ok 22 - a leaking boat moored at the landing does not fill while its player fetches a land crate
  ---
  duration_ms: 8.398672
  type: 'test'
  ...
# Subtest: manual pump uses the operation water rates
ok 23 - manual pump uses the operation water rates
  ---
  duration_ms: 4.849088
  type: 'test'
  ...
# Subtest: one repair plate keeps the operation duration and repair amounts
ok 24 - one repair plate keeps the operation duration and repair amounts
  ---
  duration_ms: 1.503615
  type: 'test'
  ...
# Subtest: full flooding starts the 45 second operation recovery window
ok 25 - full flooding starts the 45 second operation recovery window
  ---
  duration_ms: 4.689048
  type: 'test'
  ...
# Subtest: a towed boat can install a plate while moving
ok 26 - a towed boat can install a plate while moving
  ---
  duration_ms: 2.553861
  type: 'test'
  ...
# Subtest: free roam uses operation steering authority and centers the rudder on release
ok 27 - free roam uses operation steering authority and centers the rudder on release
  ---
  duration_ms: 6.654988
  type: 'test'
  ...
# Subtest: F still attaches the existing physical tow rope
ok 28 - F still attaches the existing physical tow rope
  ---
  duration_ms: 0.851294
  type: 'test'
  ...
# Subtest: space uses the familiar floating brake while driving
ok 29 - space uses the familiar floating brake while driving
  ---
  duration_ms: 0.527899
  type: 'test'
  ...
# Subtest: walking steps are broadcast with source position and movement side
ok 30 - walking steps are broadcast with source position and movement side
  ---
  duration_ms: 1.389291
  type: 'test'
  ...
# Subtest: Shift running is faster than walking and the shore has finite side bounds
ok 31 - Shift running is faster than walking and the shore has finite side bounds
  ---
  duration_ms: 6.767128
  type: 'test'
  ...
# Subtest: the finite shore still allows the player to enter the water
ok 32 - the finite shore still allows the player to enter the water
  ---
  duration_ms: 0.635941
  type: 'test'
  ...
# Subtest: jump has an airborne arc and a distinct landing event
ok 33 - jump has an airborne arc and a distinct landing event
  ---
  duration_ms: 1.112352
  type: 'test'
  ...
# Subtest: tow follows a turning tower without snapping and produces spatial strain cues
ok 34 - tow follows a turning tower without snapping and produces spatial strain cues
  ---
  duration_ms: 4.021809
  type: 'test'
  ...
# Subtest: a towed player can break the rope only by sustained opposing thrust
ok 35 - a towed player can break the rope only by sustained opposing thrust
  ---
  duration_ms: 2.688943
  type: 'test'
  ...
# Subtest: boats hit an audible finite outer boundary
ok 36 - boats hit an audible finite outer boundary
  ---
  duration_ms: 0.573133
  type: 'test'
  ...
# Subtest: the v5 rope is solved once and survives turns in both directions
ok 37 - the v5 rope is solved once and survives turns in both directions
  ---
  duration_ms: 3.890503
  type: 'test'
  ...
# Subtest: the attacker hears the impact but not the victim health or victim knockdown phrase
ok 38 - the attacker hears the impact but not the victim health or victim knockdown phrase
  ---
  duration_ms: 21.589656
  type: 'test'
  ...
# Subtest: a healthy heavy hit does not knock a player down
ok 39 - a healthy heavy hit does not knock a player down
  ---
  duration_ms: 3.835901
  type: 'test'
  ...
# Subtest: a hit that leaves seven health causes the real critical knockdown
ok 40 - a hit that leaves seven health causes the real critical knockdown
  ---
  duration_ms: 1.017975
  type: 'test'
  ...
# Subtest: full muffling starts at critical health and then follows health recovery exactly
ok 41 - full muffling starts at critical health and then follows health recovery exactly
  ---
  duration_ms: 1.185118
  type: 'test'
  ...
# Subtest: two-finger downward swipes no longer disable gestures
ok 42 - two-finger downward swipes no longer disable gestures
  ---
  duration_ms: 1.249749
  type: 'test'
  ...
# Subtest: a stationary four-finger press requests one sonar turn
ok 43 - a stationary four-finger press requests one sonar turn
  ---
  duration_ms: 0.217838
  type: 'test'
  ...
# Subtest: sonar guidance snaps the boat heading once and never stays enabled
ok 44 - sonar guidance snaps the boat heading once and never stays enabled
  ---
  duration_ms: 1.991348
  type: 'test'
  ...
# Subtest: the instant turn refuses to act away from the helm
ok 45 - the instant turn refuses to act away from the helm
  ---
  duration_ms: 0.290283
  type: 'test'
  ...
# Subtest: four-finger chords block the three-finger automatic arming path
ok 46 - four-finger chords block the three-finger automatic arming path
  ---
  duration_ms: 11.726653
  type: 'test'
  ...
# Subtest: swipes resolve in all four directions
ok 47 - swipes resolve in all four directions
  ---
  duration_ms: 1.279315
  type: 'test'
  ...
# Subtest: two-finger pump gesture rejects drags and slow taps
ok 48 - two-finger pump gesture rejects drags and slow taps
  ---
  duration_ms: 0.314348
  type: 'test'
  ...
# Subtest: free-roam players never enter operation rooms
ok 49 - free-roam players never enter operation rooms
  ---
  duration_ms: 2.387389
  type: 'test'
  ...
# Subtest: free-roam room codes have a separate readable prefix
ok 50 - free-roam room codes have a separate readable prefix
  ---
  duration_ms: 0.334426
  type: 'test'
  ...
# Subtest: a fist attack reaches a nearby physical player at nine metres
ok 51 - a fist attack reaches a nearby physical player at nine metres
  ---
  duration_ms: 15.091371
  type: 'test'
  ...
# Subtest: a knocked-down player cannot crawl while the stun is active
ok 52 - a knocked-down player cannot crawl while the stun is active
  ---
  duration_ms: 10.407893
  type: 'test'
  ...
# Subtest: three ordinary paced fist hits produce a real stun at critical health
ok 53 - three ordinary paced fist hits produce a real stun at critical health
  ---
  duration_ms: 6.314701
  type: 'test'
  ...
# Subtest: a knocked-down player cannot use the action until getting back up
ok 54 - a knocked-down player cannot use the action until getting back up
  ---
  duration_ms: 3.300148
  type: 'test'
  ...
# Subtest: health waits after the last hit, then smoothly recovers to full
ok 55 - health waits after the last hit, then smoothly recovers to full
  ---
  duration_ms: 111.709422
  type: 'test'
  ...
# Subtest: the stun filter gradually opens as injury fades
ok 56 - the stun filter gradually opens as injury fades
  ---
  duration_ms: 0.295524
  type: 'test'
  ...
# Subtest: players are solid and announce one nearby living player instead of passing through
ok 57 - players are solid and announce one nearby living player instead of passing through
  ---
  duration_ms: 8.225298
  type: 'test'
  ...
# Subtest: a player cannot walk through a boat or the active pursuer
ok 58 - a player cannot walk through a boat or the active pursuer
  ---
  duration_ms: 2.315966
  type: 'test'
  ...
# Subtest: a carried crate is accepted at the dock when the action is pressed
ok 59 - a carried crate is accepted at the dock when the action is pressed
  ---
  duration_ms: 2.163981
  type: 'test'
  ...
# Subtest: approaching a loaded enemy boat clearly explains how to steal its cargo
ok 60 - approaching a loaded enemy boat clearly explains how to steal its cargo
  ---
  duration_ms: 2.191042
  type: 'test'
  ...
# Subtest: the interface explicitly shows that a player is stunned
ok 61 - the interface explicitly shows that a player is stunned
  ---
  duration_ms: 13.672034
  type: 'test'
  ...
# Subtest: every player starts with a pistol and a separate magazine reserve
ok 62 - every player starts with a pistol and a separate magazine reserve
  ---
  duration_ms: 2.769334
  type: 'test'
  ...
# Subtest: Z selects the starting pistol without changing the automatic ammunition type
ok 63 - Z selects the starting pistol without changing the automatic ammunition type
  ---
  duration_ms: 8.906473
  type: 'test'
  ...
# Subtest: the pistol uses automatic-style hold fire but shoots slower and for less damage
ok 64 - the pistol uses automatic-style hold fire but shoots slower and for less damage
  ---
  duration_ms: 6.551596
  type: 'test'
  ...
# Subtest: pistol ammunition is included in the authoritative replicated world
ok 65 - pistol ammunition is included in the authoritative replicated world
  ---
  duration_ms: 0.963364
  type: 'test'
  ...
# Subtest: the production page loads the pistol sound and pistol integration modules
ok 66 - the production page loads the pistol sound and pistol integration modules
  ---
  duration_ms: 9.459598
  type: 'test'
  ...
# Subtest: a page reload can start input numbering from one in the same free-roam world
ok 67 - a page reload can start input numbering from one in the same free-roam world
  ---
  duration_ms: 5.767608
  type: 'test'
  ...
# Subtest: sequence protection remains isolated to each connection and each player
ok 68 - sequence protection remains isolated to each connection and each player
  ---
  duration_ms: 34.870599
  type: 'test'
  ...
# Subtest: knife sonar is offered before pursuit, not during it
ok 69 - knife sonar is offered before pursuit, not during it
  ---
  duration_ms: 1.400803
  type: 'test'
  ...
# Subtest: arrival guidance runs once after the final sonar target is selected
ok 70 - arrival guidance runs once after the final sonar target is selected
  ---
  duration_ms: 0.371455
  type: 'test'
  ...
# Subtest: claimed knife crates are consumed and cannot announce a respawn
ok 71 - claimed knife crates are consumed and cannot announce a respawn
  ---
  duration_ms: 0.342361
  type: 'test'
  ...
# Subtest: unclaimed knife remains available
ok 72 - unclaimed knife remains available
  ---
  duration_ms: 0.207889
  type: 'test'
  ...
# Subtest: gesture mode guards accidental exits and page reloads
ok 73 - gesture mode guards accidental exits and page reloads
  ---
  duration_ms: 0.423683
  type: 'test'
  ...
# Subtest: page reload stays in the menu unless automatic return is explicitly enabled
ok 74 - page reload stays in the menu unless automatic return is explicitly enabled
  ---
  duration_ms: 0.235902
  type: 'test'
  ...
# Subtest: an empty server room keeps both player boats outside the playable world
ok 75 - an empty server room keeps both player boats outside the playable world
  ---
  duration_ms: 3.862631
  type: 'test'
  ...
# Subtest: solo play activates only the connected player's boat
ok 76 - solo play activates only the connected player's boat
  ---
  duration_ms: 1.218511
  type: 'test'
  ...
# Subtest: the second player's boat appears nearby only when that player joins
ok 77 - the second player's boat appears nearby only when that player joins
  ---
  duration_ms: 0.838339
  type: 'test'
  ...
# Subtest: reconnecting keeps the existing boat position and state
ok 78 - reconnecting keeps the existing boat position and state
  ---
  duration_ms: 1.892763
  type: 'test'
  ...
# Subtest: a new free world contains audible salvage and treats the second player as absent until connected
ok 79 - a new free world contains audible salvage and treats the second player as absent until connected
  ---
  duration_ms: 4.217335
  type: 'test'
  ...
# Subtest: a player can pick up a plate crate, stow it, deliver it and improve the boat
ok 80 - a player can pick up a plate crate, stow it, deliver it and improve the boat
  ---
  duration_ms: 12.692962
  type: 'test'
  ...
# Subtest: cargo weight slows a loaded boat without stopping it
ok 81 - cargo weight slows a loaded boat without stopping it
  ---
  duration_ms: 16.987821
  type: 'test'
  ...
# Subtest: short and held X attacks differ, while a healthy heavy hit pushes without false knockdown
ok 82 - short and held X attacks differ, while a healthy heavy hit pushes without false knockdown
  ---
  duration_ms: 4.190465
  type: 'test'
  ...
# Subtest: three quick light punches knock down an opponent only at critical health
ok 83 - three quick light punches knock down an opponent only at critical health
  ---
  duration_ms: 3.350312
  type: 'test'
  ...
# Subtest: the second player can steal a stowed crate from the other player's boat
ok 84 - the second player can steal a stowed crate from the other player's boat
  ---
  duration_ms: 1.286439
  type: 'test'
  ...
# Subtest: a rare automatic fires while held and can destroy the pursuer
ok 85 - a rare automatic fires while held and can destroy the pursuer
  ---
  duration_ms: 3.675961
  type: 'test'
  ...
# Subtest: death drops carried cargo, leaves the boat and respawns the player at the dock after eight seconds
ok 86 - death drops carried cargo, leaves the boat and respawns the player at the dock after eight seconds
  ---
  duration_ms: 13.631779
  type: 'test'
  ...
# Subtest: the marauder targets loaded boats, can steal cargo and remains serializable
ok 87 - the marauder targets loaded boats, can steal cargo and remains serializable
  ---
  duration_ms: 6.556024
  type: 'test'
  ...
# Subtest: the release UI exposes accessible combat controls and local MP3 assets
ok 88 - the release UI exposes accessible combat controls and local MP3 assets
  ---
  duration_ms: 12.210106
  type: 'test'
  ...
# Subtest: the pursuer stays away until salvage and weapon objectives are complete
ok 89 - the pursuer stays away until salvage and weapon objectives are complete
  ---
  duration_ms: 162.068404
  type: 'test'
  ...
# Subtest: sonar reports exactly one current objective and opens one temporary beacon
ok 90 - sonar reports exactly one current objective and opens one temporary beacon
  ---
  duration_ms: 2.709773
  type: 'test'
  ...
# Subtest: sonar keeps the same crate locked while the player moves across nearest-crate boundaries
ok 91 - sonar keeps the same crate locked while the player moves across nearest-crate boundaries
  ---
  duration_ms: 1.475442
  type: 'test'
  ...
# Subtest: one sonar press keeps guidance active long enough to reach a distant crate
ok 92 - one sonar press keeps guidance active long enough to reach a distant crate
  ---
  duration_ms: 54.520944
  type: 'test'
  ...
# Subtest: loading a nearby crate does not also announce that action F failed
ok 93 - loading a nearby crate does not also announce that action F failed
  ---
  duration_ms: 9.372816
  type: 'test'
  ...
# Subtest: on foot the spoken side of a locked target stays world-stable after a sideways step
ok 94 - on foot the spoken side of a locked target stays world-stable after a sideways step
  ---
  duration_ms: 7.499599
  type: 'test'
  ...
# Subtest: a player ram hits first and separates the boats instead of gluing them together
ok 95 - a player ram hits first and separates the boats instead of gluing them together
  ---
  duration_ms: 3.724783
  type: 'test'
  ...
# Subtest: an enemy ram also pushes the pursuer away and starts a recovery run
ok 96 - an enemy ram also pushes the pursuer away and starts a recovery run
  ---
  duration_ms: 1.275829
  type: 'test'
  ...
# Subtest: punching an armoured pursuer clearly explains the valid attacks
ok 97 - punching an armoured pursuer clearly explains the valid attacks
  ---
  duration_ms: 2.946115
  type: 'test'
  ...
# Subtest: the Durable Object simulation accepts both players' inputs and rejects stale commands
ok 98 - the Durable Object simulation accepts both players' inputs and rejects stale commands
  ---
  duration_ms: 17.671082
  type: 'test'
  ...
# Subtest: replication omits simulation internals and stays materially smaller than the full world
ok 99 - replication omits simulation internals and stays materially smaller than the full world
  ---
  duration_ms: 5.121608
  type: 'test'
  ...
# Subtest: acknowledged render states round-trip through a small delta
ok 100 - acknowledged render states round-trip through a small delta
  ---
  duration_ms: 4.573161
  type: 'test'
  ...
# Subtest: local prediction responds immediately but a large server correction still wins
ok 101 - local prediction responds immediately but a large server correction still wins
  ---
  duration_ms: 1.818073
  type: 'test'
  ...
# Subtest: releasing predicted throttle keeps the same useful physical coast as the server
ok 102 - releasing predicted throttle keeps the same useful physical coast as the server
  ---
  duration_ms: 0.896699
  type: 'test'
  ...
# Subtest: the automatic crate grants the requested one hundred rounds
ok 103 - the automatic crate grants the requested one hundred rounds
  ---
  duration_ms: 0.655337
  type: 'test'
  ...
# Subtest: server-side pursuer gunfire stays finite and sends render-only projectiles
ok 104 - server-side pursuer gunfire stays finite and sends render-only projectiles
  ---
  duration_ms: 258.703557
  type: 'test'
  ...
# Subtest: free-roam settings move risky toggles behind a dedicated menu
ok 105 - free-roam settings move risky toggles behind a dedicated menu
  ---
  duration_ms: 11.49095
  type: 'test'
  ...
# Subtest: delivery credit values follow cargo rarity
ok 106 - delivery credit values follow cargo rarity
  ---
  duration_ms: 1.511649
  type: 'test'
  ...
# Subtest: an existing boat delivery awards shared credits exactly once
ok 107 - an existing boat delivery awards shared credits exactly once
  ---
  duration_ms: 20.160812
  type: 'test'
  ...
# Subtest: the merchant only opens on foot inside the action range
ok 108 - the merchant only opens on foot inside the action range
  ---
  duration_ms: 4.304659
  type: 'test'
  ...
# Subtest: one purchase pulse buys one pistol ammunition pack
ok 109 - one purchase pulse buys one pistol ammunition pack
  ---
  duration_ms: 1.906129
  type: 'test'
  ...
# Subtest: a held shop input is edge-triggered instead of buying every frame
ok 110 - a held shop input is edge-triggered instead of buying every frame
  ---
  duration_ms: 2.527912
  type: 'test'
  ...
# Subtest: insufficient credits never change inventory
ok 111 - insufficient credits never change inventory
  ---
  duration_ms: 1.562916
  type: 'test'
  ...
# Subtest: automatic ammunition can be purchased before the automatic is found
ok 112 - automatic ammunition can be purchased before the automatic is found
  ---
  duration_ms: 2.251605
  type: 'test'
  ...
# Subtest: boat supplies require the player's own boat at the dock
ok 113 - boat supplies require the player's own boat at the dock
  ---
  duration_ms: 3.280911
  type: 'test'
  ...
# Subtest: shopping suppresses movement and combat commands on the server
ok 114 - shopping suppresses movement and combat commands on the server
  ---
  duration_ms: 3.043368
  type: 'test'
  ...
# Subtest: selecting merchant navigation makes sonar target the trading dock
ok 115 - selecting merchant navigation makes sonar target the trading dock
  ---
  duration_ms: 1.245071
  type: 'test'
  ...
# Subtest: active pursuit keeps combat sonar priority over merchant navigation
ok 116 - active pursuit keeps combat sonar priority over merchant navigation
  ---
  duration_ms: 3.075557
  type: 'test'
  ...
# Subtest: credits and shop state are included in replicated server snapshots
ok 117 - credits and shop state are included in replicated server snapshots
  ---
  duration_ms: 1.650239
  type: 'test'
  ...
# Subtest: shop capacity limits reject oversized purchases without spending credits
ok 118 - shop capacity limits reject oversized purchases without spending credits
  ---
  duration_ms: 1.914434
  type: 'test'
  ...
# Subtest: a crate directly underfoot remains collectible beside the merchant
ok 119 - a crate directly underfoot remains collectible beside the merchant
  ---
  duration_ms: 0.871741
  type: 'test'
  ...
# Subtest: a tiny footstep across a nearby sonar line cannot flip full stereo sides
ok 120 - a tiny footstep across a nearby sonar line cannot flip full stereo sides
  ---
  duration_ms: 1.439034
  type: 'test'
  ...
# Subtest: shore crates line up with their reachable landing instead of jumping sideways after exit
ok 121 - shore crates line up with their reachable landing instead of jumping sideways after exit
  ---
  duration_ms: 2.862879
  type: 'test'
  ...
# Subtest: the exact twelve metre double-signal boundary also allows F to pick up the crate
ok 122 - the exact twelve metre double-signal boundary also allows F to pick up the crate
  ---
  duration_ms: 17.594043
  type: 'test'
  ...
# Subtest: walking into the dock with a carried crate unloads it without F
ok 123 - walking into the dock with a carried crate unloads it without F
  ---
  duration_ms: 7.979217
  type: 'test'
  ...
# Subtest: operation steering gives usable authority at low and cruising speed
ok 124 - operation steering gives usable authority at low and cruising speed
  ---
  duration_ms: 1.401734
  type: 'test'
  ...
# Subtest: reverse steering changes heading in the opposite physical direction
ok 125 - reverse steering changes heading in the opposite physical direction
  ---
  duration_ms: 0.214391
  type: 'test'
  ...
# Subtest: released wheel requests immediate rudder centering
ok 126 - released wheel requests immediate rudder centering
  ---
  duration_ms: 0.218519
  type: 'test'
  ...
# Subtest: a pursuer trophy unloads at the dock and sonar returns to ordinary cargo afterward
ok 127 - a pursuer trophy unloads at the dock and sonar returns to ordinary cargo afterward
  ---
  duration_ms: 13.041734
  type: 'test'
  ...
# Subtest: victory does not invent a dock target when no trophy is being carried
ok 128 - victory does not invent a dock target when no trophy is being carried
  ---
  duration_ms: 0.552695
  type: 'test'
  ...
# Subtest: both players spawn nearby in separate boats
ok 129 - both players spawn nearby in separate boats
  ---
  duration_ms: 2.784102
  type: 'test'
  ...
# Subtest: free roam uses operation steering authority and centers the rudder on release
ok 130 - free roam uses operation steering authority and centers the rudder on release
  ---
  duration_ms: 5.835214
  type: 'test'
  ...
# Subtest: F still attaches the existing physical tow rope
ok 131 - F still attaches the existing physical tow rope
  ---
  duration_ms: 0.798174
  type: 'test'
  ...
# Subtest: space uses the familiar floating brake while driving
ok 132 - space uses the familiar floating brake while driving
  ---
  duration_ms: 0.599342
  type: 'test'
  ...
# Subtest: walking steps are broadcast with source position and movement side
ok 133 - walking steps are broadcast with source position and movement side
  ---
  duration_ms: 0.806059
  type: 'test'
  ...
# Subtest: desktop controls use the requested MacBook layout
ok 134 - desktop controls use the requested MacBook layout
  ---
  duration_ms: 2.292813
  type: 'test'
  ...
# Subtest: VoiceOver chords and typing fields are never captured
ok 135 - VoiceOver chords and typing fields are never captured
  ---
  duration_ms: 0.372407
  type: 'test'
  ...
# Subtest: captain and crew are matched into the oldest compatible room
ok 136 - captain and crew are matched into the oldest compatible room
  ---
  duration_ms: 1.390783
  type: 'test'
  ...
# Subtest: automatic entry fills whichever role is actually missing
ok 137 - automatic entry fills whichever role is actually missing
  ---
  duration_ms: 0.365234
  type: 'test'
  ...
# Subtest: room list contains only rooms waiting for the opposite player
ok 138 - room list contains only rooms waiting for the opposite player
  ---
  duration_ms: 1.114326
  type: 'test'
  ...
# Subtest: generated room codes are readable and deterministic in tests
ok 139 - generated room codes are readable and deterministic in tests
  ---
  duration_ms: 0.321311
  type: 'test'
  ...
# Subtest: Worker WebSocket URL follows the current secure origin
ok 140 - Worker WebSocket URL follows the current secure origin
  ---
  duration_ms: 0.851133
  type: 'test'
  ...
# Subtest: legacy manual room normalization remains unchanged
ok 141 - legacy manual room normalization remains unchanged
  ---
  duration_ms: 0.249057
  type: 'test'
  ...
# Subtest: room codes contain only ASCII letters and digits
ok 142 - room codes contain only ASCII letters and digits
  ---
  duration_ms: 1.65078
  type: 'test'
  ...
# Subtest: room codes are trimmed and capped at six characters
ok 143 - room codes are trimmed and capped at six characters
  ---
  duration_ms: 0.353933
  type: 'test'
  ...
# Subtest: level one completion opens level two, selects it and funds one shop choice
ok 144 - level one completion opens level two, selects it and funds one shop choice
  ---
  duration_ms: 2.311267
  type: 'test'
  ...
# Subtest: profile progress survives a storage round trip
ok 145 - profile progress survives a storage round trip
  ---
  duration_ms: 0.646922
  type: 'test'
  ...
# Subtest: Kasatka remains locked until level three and then becomes selectable
ok 146 - Kasatka remains locked until level three and then becomes selectable
  ---
  duration_ms: 0.421629
  type: 'test'
  ...
# Subtest: high-speed collision damage grows nonlinearly and is severe
ok 147 - high-speed collision damage grows nonlinearly and is severe
  ---
  duration_ms: 8.455509
  type: 'test'
  ...
# Subtest: mini armor absorbs the first part of a violent impact
ok 148 - mini armor absorbs the first part of a violent impact
  ---
  duration_ms: 1.245882
  type: 'test'
  ...
# Subtest: purchased coast brake stops exactly within five seconds after release
ok 149 - purchased coast brake stops exactly within five seconds after release
  ---
  duration_ms: 16.361199
  type: 'test'
  ...
# Subtest: level three Kasatka has a stable protected hull and distinct model
ok 150 - level three Kasatka has a stable protected hull and distinct model
  ---
  duration_ms: 1.627767
  type: 'test'
  ...
# Subtest: an unlocked Kasatka can be used for replaying an earlier operation
ok 151 - an unlocked Kasatka can be used for replaying an earlier operation
  ---
  duration_ms: 0.462546
  type: 'test'
  ...
# Subtest: all advanced-level direct center lines stay physically open
ok 152 - all advanced-level direct center lines stay physically open
  ---
  duration_ms: 1.172184
  type: 'test'
  ...
# Subtest: advanced operations remain completable by center, gas and rope
ok 153 - advanced operations remain completable by center, gas and rope
  ---
  duration_ms: 159.208121
  type: 'test'
  ...
# Subtest: release UI exposes levels, shop, armor and the distinct Kasatka engine
ok 154 - release UI exposes levels, shop, armor and the distinct Kasatka engine
  ---
  duration_ms: 16.83038
  type: 'test'
  ...
# Subtest: owned shop items are carried into a run loadout
ok 155 - owned shop items are carried into a run loadout
  ---
  duration_ms: 0.426448
  type: 'test'
  ...
# Subtest: complete real route uses normal controls with no teleports
ok 156 - complete real route uses normal controls with no teleports
  ---
  duration_ms: 58.109913
  type: 'test'
  ...
# Subtest: a long-range rope tells the player to keep driving until auto-approach range
ok 157 - a long-range rope tells the player to keep driving until auto-approach range
  ---
  duration_ms: 17.57999
  type: 'test'
  ...
# Subtest: auto-approach suppresses the obsolete rope-too-far warning and completes rescue
ok 158 - auto-approach suppresses the obsolete rope-too-far warning and completes rescue
  ---
  duration_ms: 15.211736
  type: 'test'
  ...
# Subtest: negative speed is exposed as reverse motion in status and location
ok 159 - negative speed is exposed as reverse motion in status and location
  ---
  duration_ms: 2.037965
  type: 'test'
  ...
# Subtest: the near-standstill steering warning is replaced once the boat gains speed
ok 160 - the near-standstill steering warning is replaced once the boat gains speed
  ---
  duration_ms: 0.977249
  type: 'test'
  ...
# Subtest: release UI explains loading, route state, one-click braking and cache generation 27
ok 161 - release UI explains loading, route state, one-click braking and cache generation 27
  ---
  duration_ms: 10.853608
  type: 'test'
  ...
# Subtest: the mission uses a finite named bay
ok 162 - the mission uses a finite named bay
  ---
  duration_ms: 4.820875
  type: 'test'
  ...
# Subtest: sonar speaks once and the beacon follows boat heading
ok 163 - sonar speaks once and the beacon follows boat heading
  ---
  duration_ms: 16.460075
  type: 'test'
  ...
# Subtest: location report explains zone, target, shore and obstacle
ok 164 - location report explains zone, target, shore and obstacle
  ---
  duration_ms: 0.900255
  type: 'test'
  ...
# Subtest: wreck remains solid and cannot be crossed while throttle is held
ok 165 - wreck remains solid and cannot be crossed while throttle is held
  ---
  duration_ms: 8.517294
  type: 'test'
  ...
# Subtest: first survivor is reachable and rescuable with ordinary controls
ok 166 - first survivor is reachable and rescuable with ordinary controls
  ---
  duration_ms: 44.157963
  type: 'test'
  ...
# Subtest: v9 uses separate recorded river, wake and bilge sources
ok 167 - v9 uses separate recorded river, wake and bilge sources
  ---
  duration_ms: 0.951371
  type: 'test'
  ...
# Subtest: wake is enabled only while the boat is actually moving
ok 168 - wake is enabled only while the boat is actually moving
  ---
  duration_ms: 0.297457
  type: 'test'
  ...
# Subtest: flooding closes the global mix filter instead of merely lowering volume
ok 169 - flooding closes the global mix filter instead of merely lowering volume
  ---
  duration_ms: 0.249607
  type: 'test'
  ...
# Subtest: legacy sea fallback is removed after river buffers load
ok 170 - legacy sea fallback is removed after river buffers load
  ---
  duration_ms: 0.195846
  type: 'test'
  ...
# Subtest: an idle boat stays in place in the calm river bay
ok 171 - an idle boat stays in place in the calm river bay
  ---
  duration_ms: 30.504954
  type: 'test'
  ...
# Subtest: full flooding starts an emergency window instead of instant defeat
ok 172 - full flooding starts an emergency window instead of instant defeat
  ---
  duration_ms: 0.997988
  type: 'test'
  ...
# Subtest: a flooded boat can be recovered with a patch and pump
ok 173 - a flooded boat can be recovered with a patch and pump
  ---
  duration_ms: 24.062846
  type: 'test'
  ...
# Subtest: ignoring a fully flooded boat eventually ends the operation
ok 174 - ignoring a fully flooded boat eventually ends the operation
  ---
  duration_ms: 54.700533
  type: 'test'
  ...
# Subtest: movement state changes only when the boat actually gets underway
ok 175 - movement state changes only when the boat actually gets underway
  ---
  duration_ms: 3.657747
  type: 'test'
  ...
# Subtest: captain and crew enter one room and exchange gameplay packets
ok 176 - captain and crew enter one room and exchange gameplay packets
  ---
  duration_ms: 16.647365
  type: 'test'
  ...
# Subtest: join button can create a crew room that later accepts a captain
ok 177 - join button can create a crew room that later accepts a captain
  ---
  duration_ms: 4.416568
  type: 'test'
  ...
# Subtest: free-roam is server authoritative and slow clients receive only the newest state
ok 178 - free-roam is server authoritative and slow clients receive only the newest state
  ---
  duration_ms: 67.393638
  type: 'test'
  ...
# Subtest: a reconnect claims the same free-roam room and role
ok 179 - a reconnect claims the same free-roam room and role
  ---
  duration_ms: 5.671487
  type: 'test'
  ...
# Subtest: free mode has no timeout
ok 180 - free mode has no timeout
  ---
  duration_ms: 86.043172
  type: 'test'
  ...
# Subtest: timed mode keeps the four minute ending
ok 181 - timed mode keeps the four minute ending
  ---
  duration_ms: 38.996564
  type: 'test'
  ...
# Subtest: steering creates feedback and changes course
ok 182 - steering creates feedback and changes course
  ---
  duration_ms: 0.877793
  type: 'test'
  ...
# Subtest: sonar describes an objective and a hazard
ok 183 - sonar describes an objective and a hazard
  ---
  duration_ms: 0.960699
  type: 'test'
  ...
1..183
# tests 183
# suites 0
# pass 183
# fail 0
# cancelled 0
# skipped 0
# todo 0
# duration_ms 1751.898734
